\BOOKMARK [1][-]{section.3}{\376\377\0001\000\040\004\035\004\060\004\064\004\101\004\070\004\073\004\060\004\075\004\075\004\117\000\040\004\074\004\060\004\102\004\065\004\100\004\126\004\060\004\073\004\126\004\062}{}% 1
\BOOKMARK [1][-]{section.7}{\376\377\0002\000\040\004\041\004\077\004\076\004\101\004\076\004\061\004\070\000\040\004\072\004\076\004\074\004\077\004\126\004\073\004\117\004\106\004\126\004\127\000\040\000.\000t\000e\000x\000-\004\104\004\060\004\071\004\073\004\103}{}% 2
\BOOKMARK [2][-]{subsection.8}{\376\377\0002\000.\0001\000\040\004\032\004\076\004\074\004\077\004\126\004\073\004\117\004\106\004\126\004\117\000\040\004\075\004\060\000\040\004\064\004\076\004\074\004\060\004\110\004\075\004\114\004\076\004\074\004\103\000\040\004\037\004\032}{section.7}% 3
\BOOKMARK [2][-]{subsection.9}{\376\377\0002\000.\0002\000\040\004\032\004\076\004\074\004\077\004\126\004\073\004\117\004\106\004\126\004\117\000\040\000o\000n\000l\000i\000n\000e}{section.7}% 4
\BOOKMARK [2][-]{subsection.10}{\376\377\0002\000.\0003\000\040\000<\000<\004\037\004\100\004\060\004\062\004\070\004\073\004\060\000\040\004\065\004\102\004\070\004\072\004\065\004\102\004\103\000>\000>\000\040\004\077\004\100\004\070\000\040\004\075\004\060\004\061\004\076\004\100\004\126\000\040\004\102\004\065\004\067\000\040\004\062\000\040\000L\000a\000T\000e\000X}{section.7}% 5
\BOOKMARK [1][-]{section.16}{\376\377\0003\000\040\004\035\004\060\004\071\004\061\004\126\004\073\004\114\004\110\000\040\004\062\004\066\004\070\004\062\004\060\004\075\004\126\000\040\004\072\004\076\004\075\004\101\004\102\004\100\004\103\004\072\004\106\004\126\004\127\000\040\000L\000a\000T\000e\000X}{}% 6
\BOOKMARK [2][-]{subsection.17}{\376\377\0003\000.\0001\000\040\004\041\004\077\004\070\004\101\004\072\004\070\000\040\004\102\004\060\000\040\004\077\004\065\004\100\004\065\004\073\004\126\004\072\004\070}{section.16}% 7
\BOOKMARK [2][-]{subsection.21}{\376\377\0003\000.\0002\000\040\004\034\004\060\004\102\004\065\004\074\004\060\004\102\004\070\004\107\004\075\004\126\000\040\004\104\004\076\004\100\004\074\004\103\004\073\004\070\000\040\004\062\000\040\000L\000a\000T\000e\000X}{section.16}% 8
\BOOKMARK [2][-]{subsection.30}{\376\377\0003\000.\0003\000\040\004\024\004\076\004\064\004\060\004\102\004\072\004\076\004\062\004\126\000\040\004\101\004\070\004\074\004\062\004\076\004\073\004\070}{section.16}% 9
\BOOKMARK [1][-]{section.31}{\376\377\0004\000\040\004\037\004\073\004\060\004\062\004\060\004\116\004\107\004\126\000\040\004\076\004\061\000'\004\124\004\072\004\102\004\070}{}% 10
\BOOKMARK [2][-]{subsection.32}{\376\377\0004\000.\0001\000\040\004\042\004\060\004\061\004\073\004\070\004\106\004\126}{section.31}% 11
\BOOKMARK [2][-]{subsection.35}{\376\377\0004\000.\0002\000\040\004\040\004\070\004\101\004\103\004\075\004\072\004\070}{section.31}% 12
\BOOKMARK [2][-]{subsection.38}{\376\377\0004\000.\0003\000\040\004\041\004\102\004\062\004\076\004\100\004\065\004\075\004\075\004\117\000\040\004\063\004\100\004\060\004\104\004\126\004\107\004\075\004\070\004\105\000\040\004\076\004\061\000'\004\124\004\072\004\102\004\126\004\062\000\040\004\067\004\060\004\101\004\076\004\061\004\060\004\074\004\070\000\040\004\063\004\100\004\060\004\104\004\126\004\107\004\075\004\070\004\105\000\040\004\077\004\060\004\072\004\065\004\102\004\126\004\062}{section.31}% 13
\BOOKMARK [3][-]{subsubsection.39}{\376\377\0004\000.\0003\000.\0001\000\040\004\041\004\102\004\062\004\076\004\100\004\065\004\075\004\075\004\117\000\040\004\077\004\100\004\076\004\101\004\102\004\070\004\105\000\040\004\100\004\070\004\101\004\103\004\075\004\072\004\126\004\062}{subsection.38}% 14
\BOOKMARK [3][-]{subsubsection.41}{\376\377\0004\000.\0003\000.\0002\000\040\004\041\004\102\004\062\004\076\004\100\004\065\004\075\004\075\004\117\000\040\004\064\004\126\004\060\004\063\004\100\004\060\004\074}{subsection.38}% 15
\BOOKMARK [3][-]{subsubsection.43}{\376\377\0004\000.\0003\000.\0003\000\040\004\037\004\076\004\061\004\103\004\064\004\076\004\062\004\060\000\040\004\063\004\100\004\060\004\104\004\126\004\072\004\126\004\062}{subsection.38}% 16
\BOOKMARK [2][-]{subsection.45}{\376\377\0004\000.\0004\000\040\004\032\004\076\004\074\004\061\004\126\004\075\004\103\004\062\004\060\004\075\004\075\004\117\000\040\004\102\004\060\004\061\004\073\004\070\004\106\004\114\000\040\004\126\000\040\004\100\004\070\004\101\004\103\004\075\004\072\004\126\004\062}{section.31}% 17
\BOOKMARK [1][-]{section.48}{\376\377\0005\000\040\004\045\004\126\004\074\004\126\004\107\004\075\004\126\000\040\004\101\004\070\004\074\004\062\004\076\004\073\004\070\000\040\004\102\004\060\000\040\004\105\004\126\004\074\004\126\004\107\004\075\000\040\004\104\004\076\004\100\004\074\004\103\004\073\004\070}{}% 18
\BOOKMARK [1][-]{section.49}{\376\377\0006\000\040\004\037\004\100\004\070\004\072\004\073\004\060\004\064\004\070\000\040\004\106\004\070\004\102\004\103\004\062\004\060\004\075\004\075\004\117\000\040\004\073\004\126\004\102\004\065\004\100\004\060\004\102\004\103\004\100\004\070}{}% 19
\BOOKMARK [1][-]{section.50}{\376\377\0007\000\040\004\041\004\102\004\062\004\076\004\100\004\065\004\075\004\075\004\117\000\040\004\062\004\073\004\060\004\101\004\075\004\076\004\063\004\076\000\040\000b\000i\000b\000-\004\104\004\060\004\071\004\073\004\103}{}% 20
